{
  "0 debug pnpm:scope": {
    "selected": 1
  },
  "1 debug pnpm:package-manifest": {
    "initial": {
      "name": "freethinkel",
      "version": "0.0.1",
      "scripts": {
        "dev": "svelte-kit dev",
        "build": "svelte-kit build",
        "package": "svelte-kit package",
        "preview": "svelte-kit preview",
        "check": "svelte-check --tsconfig ./tsconfig.json",
        "check:watch": "svelte-check --tsconfig ./tsconfig.json --watch",
        "lint": "prettier --ignore-path .gitignore --check --plugin-search-dir=. . && eslint --ignore-path .gitignore .",
        "format": "prettier --ignore-path .gitignore --write --plugin-search-dir=. ."
      },
      "devDependencies": {
        "@sveltejs/adapter-auto": "next",
        "@sveltejs/kit": "next",
        "@typescript-eslint/eslint-plugin": "^4.31.1",
        "@typescript-eslint/parser": "^4.31.1",
        "eslint": "^7.32.0",
        "eslint-config-prettier": "^8.3.0",
        "eslint-plugin-svelte3": "^3.2.1",
        "prettier": "^2.4.1",
        "prettier-plugin-svelte": "^2.4.0",
        "svelte": "^3.44.0",
        "svelte-check": "^2.2.6",
        "svelte-preprocess": "^4.9.4",
        "tslib": "^2.3.1",
        "typescript": "^4.4.3"
      },
      "type": "module"
    },
    "prefix": "/Users/freethinkel/projects/pet/freethinkel"
  },
  "2 debug pnpm:context": {
    "currentLockfileExists": false,
    "storeDir": "/Users/freethinkel/.pnpm-store/v3",
    "virtualStoreDir": "/Users/freethinkel/projects/pet/freethinkel/node_modules/.pnpm"
  },
  "3 debug pnpm:stage": {
    "prefix": "/Users/freethinkel/projects/pet/freethinkel",
    "stage": "resolution_started"
  },
  "4 debug pnpm:_dependency_resolved": {
    "resolution": "registry.npmjs.org/eslint-plugin-svelte3/3.4.0",
    "wanted": {
      "dependentId": ".",
      "name": "eslint-plugin-svelte3",
      "rawSpec": "^3.2.1"
    }
  },
  "5 debug pnpm:progress": {
    "packageId": "registry.npmjs.org/eslint-plugin-svelte3/3.4.0",
    "requester": "/Users/freethinkel/projects/pet/freethinkel",
    "status": "resolved"
  },
  "6 debug pnpm:_dependency_resolved": {
    "resolution": "registry.npmjs.org/prettier-plugin-svelte/2.6.0",
    "wanted": {
      "dependentId": ".",
      "name": "prettier-plugin-svelte",
      "rawSpec": "^2.4.0"
    }
  },
  "7 debug pnpm:progress": {
    "packageId": "registry.npmjs.org/prettier-plugin-svelte/2.6.0",
    "requester": "/Users/freethinkel/projects/pet/freethinkel",
    "status": "resolved"
  },
  "8 debug pnpm:_dependency_resolved": {
    "resolution": "registry.npmjs.org/tslib/2.3.1",
    "wanted": {
      "dependentId": ".",
      "name": "tslib",
      "rawSpec": "^2.3.1"
    }
  },
  "9 debug pnpm:progress": {
    "packageId": "registry.npmjs.org/tslib/2.3.1",
    "requester": "/Users/freethinkel/projects/pet/freethinkel",
    "status": "resolved"
  },
  "10 debug pnpm:_dependency_resolved": {
    "resolution": "registry.npmjs.org/eslint-config-prettier/8.3.0",
    "wanted": {
      "dependentId": ".",
      "name": "eslint-config-prettier",
      "rawSpec": "^8.3.0"
    }
  },
  "11 debug pnpm:progress": {
    "packageId": "registry.npmjs.org/eslint-config-prettier/8.3.0",
    "requester": "/Users/freethinkel/projects/pet/freethinkel",
    "status": "resolved"
  },
  "12 debug pnpm:_dependency_resolved": {
    "resolution": "registry.npmjs.org/@sveltejs/adapter-auto/1.0.0-next.14",
    "wanted": {
      "dependentId": ".",
      "name": "@sveltejs/adapter-auto",
      "rawSpec": "next"
    }
  },
  "13 debug pnpm:progress": {
    "packageId": "registry.npmjs.org/@sveltejs/adapter-auto/1.0.0-next.14",
    "requester": "/Users/freethinkel/projects/pet/freethinkel",
    "status": "resolved"
  },
  "14 debug pnpm:progress": {
    "packageId": "registry.npmjs.org/prettier-plugin-svelte/2.6.0",
    "requester": "/Users/freethinkel/projects/pet/freethinkel",
    "status": "found_in_store"
  },
  "15 debug pnpm:progress": {
    "packageId": "registry.npmjs.org/tslib/2.3.1",
    "requester": "/Users/freethinkel/projects/pet/freethinkel",
    "status": "found_in_store"
  },
  "16 debug pnpm:progress": {
    "packageId": "registry.npmjs.org/eslint-plugin-svelte3/3.4.0",
    "requester": "/Users/freethinkel/projects/pet/freethinkel",
    "status": "found_in_store"
  },
  "17 debug pnpm:progress": {
    "packageId": "registry.npmjs.org/eslint-config-prettier/8.3.0",
    "requester": "/Users/freethinkel/projects/pet/freethinkel",
    "status": "found_in_store"
  },
  "18 debug pnpm:progress": {
    "packageId": "registry.npmjs.org/@sveltejs/adapter-auto/1.0.0-next.14",
    "requester": "/Users/freethinkel/projects/pet/freethinkel",
    "status": "found_in_store"
  },
  "19 debug pnpm:_dependency_resolved": {
    "resolution": "registry.npmjs.org/svelte-check/2.3.0",
    "wanted": {
      "dependentId": ".",
      "name": "svelte-check",
      "rawSpec": "^2.2.6"
    }
  },
  "20 debug pnpm:progress": {
    "packageId": "registry.npmjs.org/svelte-check/2.3.0",
    "requester": "/Users/freethinkel/projects/pet/freethinkel",
    "status": "resolved"
  },
  "21 debug pnpm:_dependency_resolved": {
    "resolution": "registry.npmjs.org/svelte-preprocess/4.10.2",
    "wanted": {
      "dependentId": ".",
      "name": "svelte-preprocess",
      "rawSpec": "^4.9.4"
    }
  },
  "22 debug pnpm:progress": {
    "packageId": "registry.npmjs.org/svelte-preprocess/4.10.2",
    "requester": "/Users/freethinkel/projects/pet/freethinkel",
    "status": "resolved"
  },
  "23 debug pnpm:progress": {
    "packageId": "registry.npmjs.org/svelte-preprocess/4.10.2",
    "requester": "/Users/freethinkel/projects/pet/freethinkel",
    "status": "found_in_store"
  },
  "24 warn pnpm:install-check": {
    "message": "Unsupported engine for registry.npmjs.org/@sveltejs/kit/1.0.0-next.236: wanted: {\"node\":\">=14.13\"} (current: {\"node\":\"v12.22.1\",\"pnpm\":\"6.26.1\"})",
    "prefix": "/Users/freethinkel/projects/pet/freethinkel"
  },
  "25 error pnpm": {
    "code": "ERR_PNPM_UNSUPPORTED_ENGINE",
    "packageId": "registry.npmjs.org/@sveltejs/kit/1.0.0-next.236",
    "wanted": {
      "node": ">=14.13"
    },
    "current": {
      "node": "v12.22.1",
      "pnpm": "6.26.1"
    },
    "pkgsStack": [],
    "err": {
      "name": "pnpm",
      "message": "Unsupported engine for registry.npmjs.org/@sveltejs/kit/1.0.0-next.236: wanted: {\"node\":\">=14.13\"} (current: {\"node\":\"v12.22.1\",\"pnpm\":\"6.26.1\"})",
      "code": "ERR_PNPM_UNSUPPORTED_ENGINE",
      "stack": "pnpm: Unsupported engine for registry.npmjs.org/@sveltejs/kit/1.0.0-next.236: wanted: {\"node\":\">=14.13\"} (current: {\"node\":\"v12.22.1\",\"pnpm\":\"6.26.1\"})\n    at checkEngine (/Users/freethinkel/.nvm/versions/node/v12.22.1/pnpm-global/5/node_modules/.pnpm/pnpm@6.26.1/node_modules/pnpm/dist/pnpm.cjs:41186:16)\n    at checkPackage (/Users/freethinkel/.nvm/versions/node/v12.22.1/pnpm-global/5/node_modules/.pnpm/pnpm@6.26.1/node_modules/pnpm/dist/pnpm.cjs:43274:104)\n    at packageIsInstallable (/Users/freethinkel/.nvm/versions/node/v12.22.1/pnpm-global/5/node_modules/.pnpm/pnpm@6.26.1/node_modules/pnpm/dist/pnpm.cjs:43244:20)\n    at resolveAndFetch (/Users/freethinkel/.nvm/versions/node/v12.22.1/pnpm-global/5/node_modules/.pnpm/pnpm@6.26.1/node_modules/pnpm/dist/pnpm.cjs:71820:117)\n    at runMicrotasks (<anonymous>)\n    at processTicksAndRejections (internal/process/task_queues.js:97:5)\n    at async resolveDependency (/Users/freethinkel/.nvm/versions/node/v12.22.1/pnpm-global/5/node_modules/.pnpm/pnpm@6.26.1/node_modules/pnpm/dist/pnpm.cjs:115556:23)\n    at async resolveDependenciesOfDependency (/Users/freethinkel/.nvm/versions/node/v12.22.1/pnpm-global/5/node_modules/.pnpm/pnpm@6.26.1/node_modules/pnpm/dist/pnpm.cjs:115391:39)\n    at async Promise.all (index 1)\n    at async resolveDependencies (/Users/freethinkel/.nvm/versions/node/v12.22.1/pnpm-global/5/node_modules/.pnpm/pnpm@6.26.1/node_modules/pnpm/dist/pnpm.cjs:115358:29)"
    }
  }
}